# JRE version: Java(TM) SE Runtime Environment (17.0.4+11) (build 17.0.4+11-LTS-179)
# Java VM: Java HotSpot(TM) 64-Bit Server VM (17.0.4+11-LTS-179, mixed mode, emulated-client, sharing, tiered, compressed oops, compressed class ptrs, g1 gc, windows-amd64)
GC Precious Log:
 CPUs: 6 total, 6 available
 Memory: 26623M
 Large Page Support: Disabled
 NUMA Support: Disabled
 Compressed Oops: Enabled (Zero based)
 Heap Region Size: 4M
 Heap Min Capacity: 8M
 Heap Initial Capacity: 416M
 Heap Max Capacity: 6656M
 Pre-touch: Disabled
 Parallel Workers: 6
 Concurrent Workers: 2
 Concurrent Refinement Workers: 6
 Periodic GC: Disabled
Heap:
 garbage-first heap   total 2248704K, used 1845405K [0x0000000660000000, 0x0000000800000000)
  region size 4096K, 17 young (69632K), 7 survivors (28672K)
 Metaspace       used 63060K, committed 63872K, reserved 1105920K
  class space    used 7988K, committed 8320K, reserved 1048576K
GC Heap History (20 events):
Event: 600.107 GC heap before
{Heap before GC invocations=214 (full 0):
 garbage-first heap   total 2248704K, used 1973323K [0x0000000660000000, 0x0000000800000000)
  region size 4096K, 94 young (385024K), 12 survivors (49152K)
 Metaspace       used 63060K, committed 63872K, reserved 1105920K
  class space    used 7988K, committed 8320K, reserved 1048576K
}
Event: 600.118 GC heap after
{Heap after GC invocations=215 (full 0):
 garbage-first heap   total 2248704K, used 1661965K [0x0000000660000000, 0x0000000800000000)
  region size 4096K, 12 young (49152K), 12 survivors (49152K)
 Metaspace       used 63060K, committed 63872K, reserved 1105920K
  class space    used 7988K, committed 8320K, reserved 1048576K
}
Event: 603.471 GC heap before
{Heap before GC invocations=215 (full 0):
 garbage-first heap   total 2248704K, used 1969165K [0x0000000660000000, 0x0000000800000000)
  region size 4096K, 87 young (356352K), 12 survivors (49152K)
 Metaspace       used 63060K, committed 63872K, reserved 1105920K
  class space    used 7988K, committed 8320K, reserved 1048576K
}
Event: 603.482 GC heap after
{Heap after GC invocations=216 (full 0):
 garbage-first heap   total 2248704K, used 1680453K [0x0000000660000000, 0x0000000800000000)
  region size 4096K, 11 young (45056K), 11 survivors (45056K)
 Metaspace       used 63060K, committed 63872K, reserved 1105920K
  class space    used 7988K, committed 8320K, reserved 1048576K
}
Event: 606.946 GC heap before
{Heap before GC invocations=216 (full 0):
 garbage-first heap   total 2248704K, used 1975365K [0x0000000660000000, 0x0000000800000000)
  region size 4096K, 83 young (339968K), 11 survivors (45056K)
 Metaspace       used 63060K, committed 63872K, reserved 1105920K
  class space    used 7988K, committed 8320K, reserved 1048576K
}
Event: 606.957 GC heap after
{Heap after GC invocations=217 (full 0):
 garbage-first heap   total 2248704K, used 1701818K [0x0000000660000000, 0x0000000800000000)
  region size 4096K, 10 young (40960K), 10 survivors (40960K)
 Metaspace       used 63060K, committed 63872K, reserved 1105920K
  class space    used 7988K, committed 8320K, reserved 1048576K
}
Event: 610.152 GC heap before
{Heap before GC invocations=217 (full 0):
 garbage-first heap   total 2248704K, used 1980346K [0x0000000660000000, 0x0000000800000000)
  region size 4096K, 78 young (319488K), 10 survivors (40960K)
 Metaspace       used 63060K, committed 63872K, reserved 1105920K
  class space    used 7988K, committed 8320K, reserved 1048576K
}
Event: 610.162 GC heap after
{Heap after GC invocations=218 (full 0):
 garbage-first heap   total 2248704K, used 1718817K [0x0000000660000000, 0x0000000800000000)
  region size 4096K, 10 young (40960K), 10 survivors (40960K)
 Metaspace       used 63060K, committed 63872K, reserved 1105920K
  class space    used 7988K, committed 8320K, reserved 1048576K
}
Event: 612.830 GC heap before
{Heap before GC invocations=218 (full 0):
 garbage-first heap   total 2248704K, used 1976865K [0x0000000660000000, 0x0000000800000000)
  region size 4096K, 73 young (299008K), 10 survivors (40960K)
 Metaspace       used 63060K, committed 63872K, reserved 1105920K
  class space    used 7988K, committed 8320K, reserved 1048576K
}
Event: 612.840 GC heap after
{Heap after GC invocations=219 (full 0):
 garbage-first heap   total 2248704K, used 1734955K [0x0000000660000000, 0x0000000800000000)
  region size 4096K, 9 young (36864K), 9 survivors (36864K)
 Metaspace       used 63060K, committed 63872K, reserved 1105920K
  class space    used 7988K, committed 8320K, reserved 1048576K
}
Event: 615.697 GC heap before
{Heap before GC invocations=219 (full 0):
 garbage-first heap   total 2248704K, used 1976619K [0x0000000660000000, 0x0000000800000000)
  region size 4096K, 69 young (282624K), 9 survivors (36864K)
 Metaspace       used 63060K, committed 63872K, reserved 1105920K
  class space    used 7988K, committed 8320K, reserved 1048576K
}
Event: 615.706 GC heap after
{Heap after GC invocations=220 (full 0):
 garbage-first heap   total 2248704K, used 1753583K [0x0000000660000000, 0x0000000800000000)
  region size 4096K, 9 young (36864K), 9 survivors (36864K)
 Metaspace       used 63060K, committed 63872K, reserved 1105920K
  class space    used 7988K, committed 8320K, reserved 1048576K
}
Event: 618.480 GC heap before
{Heap before GC invocations=220 (full 0):
 garbage-first heap   total 2248704K, used 1982959K [0x0000000660000000, 0x0000000800000000)
  region size 4096K, 65 young (266240K), 9 survivors (36864K)
 Metaspace       used 63060K, committed 63872K, reserved 1105920K
  class space    used 7988K, committed 8320K, reserved 1048576K
}
Event: 618.487 GC heap after
{Heap after GC invocations=221 (full 0):
 garbage-first heap   total 2248704K, used 1767197K [0x0000000660000000, 0x0000000800000000)
  region size 4096K, 8 young (32768K), 8 survivors (32768K)
 Metaspace       used 63060K, committed 63872K, reserved 1105920K
  class space    used 7988K, committed 8320K, reserved 1048576K
}
Event: 621.392 GC heap before
{Heap before GC invocations=221 (full 0):
 garbage-first heap   total 2248704K, used 1984285K [0x0000000660000000, 0x0000000800000000)
  region size 4096K, 61 young (249856K), 8 survivors (32768K)
 Metaspace       used 63060K, committed 63872K, reserved 1105920K
  class space    used 7988K, committed 8320K, reserved 1048576K
}
Event: 621.401 GC heap after
{Heap after GC invocations=222 (full 0):
 garbage-first heap   total 2248704K, used 1782757K [0x0000000660000000, 0x0000000800000000)
  region size 4096K, 8 young (32768K), 8 survivors (32768K)
 Metaspace       used 63060K, committed 63872K, reserved 1105920K
  class space    used 7988K, committed 8320K, reserved 1048576K
}
Event: 623.960 GC heap before
{Heap before GC invocations=222 (full 0):
 garbage-first heap   total 2248704K, used 1987557K [0x0000000660000000, 0x0000000800000000)
  region size 4096K, 58 young (237568K), 8 survivors (32768K)
 Metaspace       used 63060K, committed 63872K, reserved 1105920K
  class space    used 7988K, committed 8320K, reserved 1048576K
}
Event: 623.968 GC heap after
{Heap after GC invocations=223 (full 0):
 garbage-first heap   total 2248704K, used 1796530K [0x0000000660000000, 0x0000000800000000)
  region size 4096K, 7 young (28672K), 7 survivors (28672K)
 Metaspace       used 63060K, committed 63872K, reserved 1105920K
  class space    used 7988K, committed 8320K, reserved 1048576K
}
Event: 626.460 GC heap before
{Heap before GC invocations=223 (full 0):
 garbage-first heap   total 2248704K, used 1989042K [0x0000000660000000, 0x0000000800000000)
  region size 4096K, 54 young (221184K), 7 survivors (28672K)
 Metaspace       used 63060K, committed 63872K, reserved 1105920K
  class space    used 7988K, committed 8320K, reserved 1048576K
}
Event: 626.467 GC heap after
{Heap after GC invocations=224 (full 0):
 garbage-first heap   total 2248704K, used 1808541K [0x0000000660000000, 0x0000000800000000)
  region size 4096K, 7 young (28672K), 7 survivors (28672K)
 Metaspace       used 63060K, committed 63872K, reserved 1105920K
  class space    used 7988K, committed 8320K, reserved 1048576K
}

